<?xml version="1.0" encoding="UTF-8" ?>
<testsuite failures="0" time="87.867" errors="2" skipped="0" tests="2" name="com.brick.test.HrAttendanceEmailTestCase">
  <properties>
    <property name="java.runtime.name" value="Java(TM) SE Runtime Environment"/>
    <property name="sun.boot.library.path" value="C:\Program Files\Java\jdk1.6.0_38\jre\bin"/>
    <property name="java.vm.version" value="20.13-b02"/>
    <property name="java.vm.vendor" value="Sun Microsystems Inc."/>
    <property name="java.vendor.url" value="http://java.sun.com/"/>
    <property name="path.separator" value=";"/>
    <property name="guice.disable.misplaced.annotation.check" value="true"/>
    <property name="java.vm.name" value="Java HotSpot(TM) 64-Bit Server VM"/>
    <property name="file.encoding.pkg" value="sun.io"/>
    <property name="user.country" value="CN"/>
    <property name="sun.java.launcher" value="SUN_STANDARD"/>
    <property name="sun.os.patch.level" value=""/>
    <property name="java.vm.specification.name" value="Java Virtual Machine Specification"/>
    <property name="user.dir" value="D:\tac-yuguo"/>
    <property name="java.runtime.version" value="1.6.0_38-ea-b04"/>
    <property name="java.awt.graphicsenv" value="sun.awt.Win32GraphicsEnvironment"/>
    <property name="java.endorsed.dirs" value="C:\Program Files\Java\jdk1.6.0_38\jre\lib\endorsed"/>
    <property name="os.arch" value="amd64"/>
    <property name="java.io.tmpdir" value="C:\Users\benc\AppData\Local\Temp\"/>
    <property name="line.separator" value="
"/>
    <property name="java.vm.specification.vendor" value="Sun Microsystems Inc."/>
    <property name="user.variant" value=""/>
    <property name="os.name" value="Windows 7"/>
    <property name="classworlds.conf" value="D:\apache-maven-3.2.3\bin\..\bin\m2.conf"/>
    <property name="sun.jnu.encoding" value="GBK"/>
    <property name="java.library.path" value="C:\Program Files\Java\jdk1.6.0_38\bin;C:\Windows\Sun\Java\bin;C:\Windows\system32;C:\Windows;C:\Windows\system32;C:\Windows;C:\Windows\System32\Wbem;C:\Windows\System32\WindowsPowerShell\v1.0\stemRoot%\system32;C:\Windows;C:\Windows\System32\Wbem;C:\Windows\System32\WindowsPowerShell\v1.0\;C:\Program Files\Java\jdk1.6.0_38\\bin;C:\Program Files\Java\jdk1.6.0_38\\jre\bin;D:\apache-maven-3.2.3\bin;."/>
    <property name="java.specification.name" value="Java Platform API Specification"/>
    <property name="java.class.version" value="50.0"/>
    <property name="sun.management.compiler" value="HotSpot 64-Bit Tiered Compilers"/>
    <property name="os.version" value="6.1"/>
    <property name="user.home" value="C:\Users\benc"/>
    <property name="user.timezone" value="Asia/Shanghai"/>
    <property name="java.awt.printerjob" value="sun.awt.windows.WPrinterJob"/>
    <property name="file.encoding" value="GBK"/>
    <property name="java.specification.version" value="1.6"/>
    <property name="user.name" value="benc"/>
    <property name="java.class.path" value="D:\apache-maven-3.2.3\bin\..\boot\plexus-classworlds-2.5.1.jar"/>
    <property name="java.vm.specification.version" value="1.0"/>
    <property name="sun.arch.data.model" value="64"/>
    <property name="java.home" value="C:\Program Files\Java\jdk1.6.0_38\jre"/>
    <property name="sun.java.command" value="org.codehaus.plexus.classworlds.launcher.Launcher package"/>
    <property name="java.specification.vendor" value="Sun Microsystems Inc."/>
    <property name="user.language" value="zh"/>
    <property name="awt.toolkit" value="sun.awt.windows.WToolkit"/>
    <property name="java.vm.info" value="mixed mode"/>
    <property name="java.version" value="1.6.0_38-ea"/>
    <property name="java.ext.dirs" value="C:\Program Files\Java\jdk1.6.0_38\jre\lib\ext;C:\Windows\Sun\Java\lib\ext"/>
    <property name="sun.boot.class.path" value="C:\Program Files\Java\jdk1.6.0_38\jre\lib\resources.jar;C:\Program Files\Java\jdk1.6.0_38\jre\lib\rt.jar;C:\Program Files\Java\jdk1.6.0_38\jre\lib\sunrsasign.jar;C:\Program Files\Java\jdk1.6.0_38\jre\lib\jsse.jar;C:\Program Files\Java\jdk1.6.0_38\jre\lib\jce.jar;C:\Program Files\Java\jdk1.6.0_38\jre\lib\charsets.jar;C:\Program Files\Java\jdk1.6.0_38\jre\lib\modules\jdk.boot.jar;C:\Program Files\Java\jdk1.6.0_38\jre\classes"/>
    <property name="java.vendor" value="Sun Microsystems Inc."/>
    <property name="maven.home" value="D:\apache-maven-3.2.3\bin\.."/>
    <property name="file.separator" value="\"/>
    <property name="java.vendor.url.bug" value="http://java.sun.com/cgi-bin/bugreport.cgi"/>
    <property name="sun.cpu.endian" value="little"/>
    <property name="sun.io.unicode.encoding" value="UnicodeLittle"/>
    <property name="sun.desktop" value="windows"/>
    <property name="sun.cpu.isalist" value="amd64"/>
  </properties>
  <testcase time="44.264" classname="com.brick.test.HrAttendanceEmailTestCase" name="testSendEmail">
    <error message="Error creating bean with name &apos;reportDateUtil&apos; defined in file [D:\tac-yuguo\tac-service\target\classes\config\spring\spring-service.xml]: Invocation of init method failed; nested exception is com.ibatis.common.jdbc.exception.NestedSQLException:   
--- The error occurred in config/sql/map/reportDateUtil.xml.  
--- The error occurred while executing query.  
--- Check the    select id,year,month,beginTime,endTime from T_REPORT_DATE WHERE status = 0 order by year desc,month desc  .  
--- Check the SQL Statement (preparation failed).  
--- Cause: org.apache.commons.dbcp.SQLNestedException: Cannot create PoolableConnectionFactory (The TCP/IP connection to the host 10.2.1.193, port 1433 has failed. Error: Connection timed out: connect. Please verify the connection properties and check that a SQL Server instance is running on the host and accepting TCP/IP connections at the port, and that no firewall is blocking TCP connections to the port.)" type="org.springframework.beans.factory.BeanCreationException">org.springframework.beans.factory.BeanCreationException: Error creating bean with name &apos;reportDateUtil&apos; defined in file [D:\tac-yuguo\tac-service\target\classes\config\spring\spring-service.xml]: Invocation of init method failed; nested exception is com.ibatis.common.jdbc.exception.NestedSQLException:   
--- The error occurred in config/sql/map/reportDateUtil.xml.  
--- The error occurred while executing query.  
--- Check the    select id,year,month,beginTime,endTime from T_REPORT_DATE WHERE status = 0 order by year desc,month desc  .  
--- Check the SQL Statement (preparation failed).  
--- Cause: org.apache.commons.dbcp.SQLNestedException: Cannot create PoolableConnectionFactory (The TCP/IP connection to the host 10.2.1.193, port 1433 has failed. Error: Connection timed out: connect. Please verify the connection properties and check that a SQL Server instance is running on the host and accepting TCP/IP connections at the port, and that no firewall is blocking TCP connections to the port.)
	at org.springframework.beans.factory.support.AbstractAutowireCapableBeanFactory.initializeBean(AbstractAutowireCapableBeanFactory.java:1513)
	at org.springframework.beans.factory.support.AbstractAutowireCapableBeanFactory.doCreateBean(AbstractAutowireCapableBeanFactory.java:521)
	at org.springframework.beans.factory.support.AbstractAutowireCapableBeanFactory.createBean(AbstractAutowireCapableBeanFactory.java:458)
	at org.springframework.beans.factory.support.AbstractBeanFactory$1.getObject(AbstractBeanFactory.java:293)
	at org.springframework.beans.factory.support.DefaultSingletonBeanRegistry.getSingleton(DefaultSingletonBeanRegistry.java:223)
	at org.springframework.beans.factory.support.AbstractBeanFactory.doGetBean(AbstractBeanFactory.java:290)
	at org.springframework.beans.factory.support.AbstractBeanFactory.getBean(AbstractBeanFactory.java:191)
	at org.springframework.beans.factory.support.DefaultListableBeanFactory.preInstantiateSingletons(DefaultListableBeanFactory.java:633)
	at org.springframework.context.support.AbstractApplicationContext.finishBeanFactoryInitialization(AbstractApplicationContext.java:932)
	at org.springframework.context.support.AbstractApplicationContext.refresh(AbstractApplicationContext.java:479)
	at org.springframework.context.support.ClassPathXmlApplicationContext.&lt;init&gt;(ClassPathXmlApplicationContext.java:139)
	at org.springframework.context.support.ClassPathXmlApplicationContext.&lt;init&gt;(ClassPathXmlApplicationContext.java:83)
	at com.brick.test.BaseTestCase.setUp(BaseTestCase.java:21)
	at junit.framework.TestCase.runBare(TestCase.java:132)
	at junit.framework.TestResult$1.protect(TestResult.java:110)
	at junit.framework.TestResult.runProtected(TestResult.java:128)
	at junit.framework.TestResult.run(TestResult.java:113)
	at junit.framework.TestCase.run(TestCase.java:124)
	at junit.framework.TestSuite.runTest(TestSuite.java:243)
	at junit.framework.TestSuite.run(TestSuite.java:238)
	at sun.reflect.NativeMethodAccessorImpl.invoke0(Native Method)
	at sun.reflect.NativeMethodAccessorImpl.invoke(NativeMethodAccessorImpl.java:39)
	at sun.reflect.DelegatingMethodAccessorImpl.invoke(DelegatingMethodAccessorImpl.java:25)
	at java.lang.reflect.Method.invoke(Method.java:597)
	at org.apache.maven.surefire.junit.JUnitTestSet.execute(JUnitTestSet.java:95)
	at org.apache.maven.surefire.junit.JUnit3Provider.executeTestSet(JUnit3Provider.java:121)
	at org.apache.maven.surefire.junit.JUnit3Provider.invoke(JUnit3Provider.java:98)
	at sun.reflect.NativeMethodAccessorImpl.invoke0(Native Method)
	at sun.reflect.NativeMethodAccessorImpl.invoke(NativeMethodAccessorImpl.java:39)
	at sun.reflect.DelegatingMethodAccessorImpl.invoke(DelegatingMethodAccessorImpl.java:25)
	at java.lang.reflect.Method.invoke(Method.java:597)
	at org.apache.maven.surefire.util.ReflectionUtils.invokeMethodWithArray(ReflectionUtils.java:189)
	at org.apache.maven.surefire.booter.ProviderFactory$ProviderProxy.invoke(ProviderFactory.java:165)
	at org.apache.maven.surefire.booter.ProviderFactory.invokeProvider(ProviderFactory.java:85)
	at org.apache.maven.surefire.booter.ForkedBooter.runSuitesInProcess(ForkedBooter.java:115)
	at org.apache.maven.surefire.booter.ForkedBooter.main(ForkedBooter.java:75)
Caused by: com.ibatis.common.jdbc.exception.NestedSQLException:   
--- The error occurred in config/sql/map/reportDateUtil.xml.  
--- The error occurred while executing query.  
--- Check the    select id,year,month,beginTime,endTime from T_REPORT_DATE WHERE status = 0 order by year desc,month desc  .  
--- Check the SQL Statement (preparation failed).  
--- Cause: org.apache.commons.dbcp.SQLNestedException: Cannot create PoolableConnectionFactory (The TCP/IP connection to the host 10.2.1.193, port 1433 has failed. Error: Connection timed out: connect. Please verify the connection properties and check that a SQL Server instance is running on the host and accepting TCP/IP connections at the port, and that no firewall is blocking TCP connections to the port.)
	at com.ibatis.sqlmap.engine.mapping.statement.MappedStatement.executeQueryWithCallback(MappedStatement.java:201)
	at com.ibatis.sqlmap.engine.mapping.statement.MappedStatement.executeQueryForList(MappedStatement.java:139)
	at com.ibatis.sqlmap.engine.impl.SqlMapExecutorDelegate.queryForList(SqlMapExecutorDelegate.java:567)
	at com.ibatis.sqlmap.engine.impl.SqlMapExecutorDelegate.queryForList(SqlMapExecutorDelegate.java:541)
	at com.ibatis.sqlmap.engine.impl.SqlMapSessionImpl.queryForList(SqlMapSessionImpl.java:118)
	at com.ibatis.sqlmap.engine.impl.SqlMapSessionImpl.queryForList(SqlMapSessionImpl.java:122)
	at com.ibatis.sqlmap.engine.impl.SqlMapClientImpl.queryForList(SqlMapClientImpl.java:98)
	at com.brick.base.common.TacSqlMapClientImpl.queryForList(TacSqlMapClientImpl.java:151)
	at com.brick.base.util.ReportDateUtil.initReportDateInfo(ReportDateUtil.java:85)
	at sun.reflect.NativeMethodAccessorImpl.invoke0(Native Method)
	at sun.reflect.NativeMethodAccessorImpl.invoke(NativeMethodAccessorImpl.java:39)
	at sun.reflect.DelegatingMethodAccessorImpl.invoke(DelegatingMethodAccessorImpl.java:25)
	at java.lang.reflect.Method.invoke(Method.java:597)
	at org.springframework.beans.factory.support.AbstractAutowireCapableBeanFactory.invokeCustomInitMethod(AbstractAutowireCapableBeanFactory.java:1639)
	at org.springframework.beans.factory.support.AbstractAutowireCapableBeanFactory.invokeInitMethods(AbstractAutowireCapableBeanFactory.java:1580)
	at org.springframework.beans.factory.support.AbstractAutowireCapableBeanFactory.initializeBean(AbstractAutowireCapableBeanFactory.java:1510)
	... 35 more
Caused by: org.apache.commons.dbcp.SQLNestedException: Cannot create PoolableConnectionFactory (The TCP/IP connection to the host 10.2.1.193, port 1433 has failed. Error: Connection timed out: connect. Please verify the connection properties and check that a SQL Server instance is running on the host and accepting TCP/IP connections at the port, and that no firewall is blocking TCP connections to the port.)
	at org.apache.commons.dbcp.BasicDataSource.createPoolableConnectionFactory(BasicDataSource.java:1549)
	at org.apache.commons.dbcp.BasicDataSource.createDataSource(BasicDataSource.java:1388)
	at org.apache.commons.dbcp.BasicDataSource.getConnection(BasicDataSource.java:1044)
	at org.springframework.jdbc.datasource.DataSourceUtils.doGetConnection(DataSourceUtils.java:111)
	at org.springframework.jdbc.datasource.TransactionAwareDataSourceProxy$TransactionAwareInvocationHandler.invoke(TransactionAwareDataSourceProxy.java:224)
	at $Proxy10.prepareStatement(Unknown Source)
	at sun.reflect.NativeMethodAccessorImpl.invoke0(Native Method)
	at sun.reflect.NativeMethodAccessorImpl.invoke(NativeMethodAccessorImpl.java:39)
	at sun.reflect.DelegatingMethodAccessorImpl.invoke(DelegatingMethodAccessorImpl.java:25)
	at java.lang.reflect.Method.invoke(Method.java:597)
	at com.ibatis.common.jdbc.logging.ConnectionLogProxy.invoke(ConnectionLogProxy.java:53)
	at $Proxy11.prepareStatement(Unknown Source)
	at com.ibatis.sqlmap.engine.execution.SqlExecutor.prepareStatement(SqlExecutor.java:497)
	at com.ibatis.sqlmap.engine.execution.SqlExecutor.executeQuery(SqlExecutor.java:175)
	at com.ibatis.sqlmap.engine.mapping.statement.MappedStatement.sqlExecuteQuery(MappedStatement.java:221)
	at com.ibatis.sqlmap.engine.mapping.statement.MappedStatement.executeQueryWithCallback(MappedStatement.java:189)
	... 50 more
Caused by: com.microsoft.sqlserver.jdbc.SQLServerException: The TCP/IP connection to the host 10.2.1.193, port 1433 has failed. Error: Connection timed out: connect. Please verify the connection properties and check that a SQL Server instance is running on the host and accepting TCP/IP connections at the port, and that no firewall is blocking TCP connections to the port.
	at com.microsoft.sqlserver.jdbc.SQLServerException.makeFromDriverError(SQLServerException.java:130)
	at com.microsoft.sqlserver.jdbc.SQLServerConnection.connectHelper(SQLServerConnection.java:1195)
	at com.microsoft.sqlserver.jdbc.SQLServerConnection.loginWithoutFailover(SQLServerConnection.java:1054)
	at com.microsoft.sqlserver.jdbc.SQLServerConnection.connect(SQLServerConnection.java:758)
	at com.microsoft.sqlserver.jdbc.SQLServerDriver.connect(SQLServerDriver.java:842)
	at org.apache.commons.dbcp.DriverConnectionFactory.createConnection(DriverConnectionFactory.java:38)
	at org.apache.commons.dbcp.PoolableConnectionFactory.makeObject(PoolableConnectionFactory.java:582)
	at org.apache.commons.dbcp.BasicDataSource.validateConnectionFactory(BasicDataSource.java:1556)
	at org.apache.commons.dbcp.BasicDataSource.createPoolableConnectionFactory(BasicDataSource.java:1545)
	... 65 more
Caused by: com.ibatis.common.jdbc.exception.NestedSQLException:   
--- The error occurred in config/sql/map/reportDateUtil.xml.  
--- The error occurred while executing query.  
--- Check the    select id,year,month,beginTime,endTime from T_REPORT_DATE WHERE status = 0 order by year desc,month desc  .  
--- Check the SQL Statement (preparation failed).  
--- Cause: org.apache.commons.dbcp.SQLNestedException: Cannot create PoolableConnectionFactory (The TCP/IP connection to the host 10.2.1.193, port 1433 has failed. Error: Connection timed out: connect. Please verify the connection properties and check that a SQL Server instance is running on the host and accepting TCP/IP connections at the port, and that no firewall is blocking TCP connections to the port.)
	at com.ibatis.sqlmap.engine.mapping.statement.MappedStatement.executeQueryWithCallback(MappedStatement.java:201)
	at com.ibatis.sqlmap.engine.mapping.statement.MappedStatement.executeQueryForList(MappedStatement.java:139)
	at com.ibatis.sqlmap.engine.impl.SqlMapExecutorDelegate.queryForList(SqlMapExecutorDelegate.java:567)
	at com.ibatis.sqlmap.engine.impl.SqlMapExecutorDelegate.queryForList(SqlMapExecutorDelegate.java:541)
	at com.ibatis.sqlmap.engine.impl.SqlMapSessionImpl.queryForList(SqlMapSessionImpl.java:118)
	at com.ibatis.sqlmap.engine.impl.SqlMapSessionImpl.queryForList(SqlMapSessionImpl.java:122)
	at com.ibatis.sqlmap.engine.impl.SqlMapClientImpl.queryForList(SqlMapClientImpl.java:98)
	at com.brick.base.common.TacSqlMapClientImpl.queryForList(TacSqlMapClientImpl.java:151)
	at com.brick.base.util.ReportDateUtil.initReportDateInfo(ReportDateUtil.java:85)
	at sun.reflect.NativeMethodAccessorImpl.invoke0(Native Method)
	at sun.reflect.NativeMethodAccessorImpl.invoke(NativeMethodAccessorImpl.java:39)
	at sun.reflect.DelegatingMethodAccessorImpl.invoke(DelegatingMethodAccessorImpl.java:25)
	at java.lang.reflect.Method.invoke(Method.java:597)
	at org.springframework.beans.factory.support.AbstractAutowireCapableBeanFactory.invokeCustomInitMethod(AbstractAutowireCapableBeanFactory.java:1639)
	at org.springframework.beans.factory.support.AbstractAutowireCapableBeanFactory.invokeInitMethods(AbstractAutowireCapableBeanFactory.java:1580)
	at org.springframework.beans.factory.support.AbstractAutowireCapableBeanFactory.initializeBean(AbstractAutowireCapableBeanFactory.java:1510)
	... 35 more
Caused by: org.apache.commons.dbcp.SQLNestedException: Cannot create PoolableConnectionFactory (The TCP/IP connection to the host 10.2.1.193, port 1433 has failed. Error: Connection timed out: connect. Please verify the connection properties and check that a SQL Server instance is running on the host and accepting TCP/IP connections at the port, and that no firewall is blocking TCP connections to the port.)
	at org.apache.commons.dbcp.BasicDataSource.createPoolableConnectionFactory(BasicDataSource.java:1549)
	at org.apache.commons.dbcp.BasicDataSource.createDataSource(BasicDataSource.java:1388)
	at org.apache.commons.dbcp.BasicDataSource.getConnection(BasicDataSource.java:1044)
	at org.springframework.jdbc.datasource.DataSourceUtils.doGetConnection(DataSourceUtils.java:111)
	at org.springframework.jdbc.datasource.TransactionAwareDataSourceProxy$TransactionAwareInvocationHandler.invoke(TransactionAwareDataSourceProxy.java:224)
	at $Proxy10.prepareStatement(Unknown Source)
	at sun.reflect.NativeMethodAccessorImpl.invoke0(Native Method)
	at sun.reflect.NativeMethodAccessorImpl.invoke(NativeMethodAccessorImpl.java:39)
	at sun.reflect.DelegatingMethodAccessorImpl.invoke(DelegatingMethodAccessorImpl.java:25)
	at java.lang.reflect.Method.invoke(Method.java:597)
	at com.ibatis.common.jdbc.logging.ConnectionLogProxy.invoke(ConnectionLogProxy.java:53)
	at $Proxy11.prepareStatement(Unknown Source)
	at com.ibatis.sqlmap.engine.execution.SqlExecutor.prepareStatement(SqlExecutor.java:497)
	at com.ibatis.sqlmap.engine.execution.SqlExecutor.executeQuery(SqlExecutor.java:175)
	at com.ibatis.sqlmap.engine.mapping.statement.MappedStatement.sqlExecuteQuery(MappedStatement.java:221)
	at com.ibatis.sqlmap.engine.mapping.statement.MappedStatement.executeQueryWithCallback(MappedStatement.java:189)
	... 50 more
Caused by: com.microsoft.sqlserver.jdbc.SQLServerException: The TCP/IP connection to the host 10.2.1.193, port 1433 has failed. Error: Connection timed out: connect. Please verify the connection properties and check that a SQL Server instance is running on the host and accepting TCP/IP connections at the port, and that no firewall is blocking TCP connections to the port.
	at com.microsoft.sqlserver.jdbc.SQLServerException.makeFromDriverError(SQLServerException.java:130)
	at com.microsoft.sqlserver.jdbc.SQLServerConnection.connectHelper(SQLServerConnection.java:1195)
	at com.microsoft.sqlserver.jdbc.SQLServerConnection.loginWithoutFailover(SQLServerConnection.java:1054)
	at com.microsoft.sqlserver.jdbc.SQLServerConnection.connect(SQLServerConnection.java:758)
	at com.microsoft.sqlserver.jdbc.SQLServerDriver.connect(SQLServerDriver.java:842)
	at org.apache.commons.dbcp.DriverConnectionFactory.createConnection(DriverConnectionFactory.java:38)
	at org.apache.commons.dbcp.PoolableConnectionFactory.makeObject(PoolableConnectionFactory.java:582)
	at org.apache.commons.dbcp.BasicDataSource.validateConnectionFactory(BasicDataSource.java:1556)
	at org.apache.commons.dbcp.BasicDataSource.createPoolableConnectionFactory(BasicDataSource.java:1545)
	... 65 more
</error>
  </testcase>
  <testcase time="43.603" classname="com.brick.test.HrAttendanceEmailTestCase" name="testIsNull">
    <error message="Error creating bean with name &apos;reportDateUtil&apos; defined in file [D:\tac-yuguo\tac-service\target\classes\config\spring\spring-service.xml]: Invocation of init method failed; nested exception is com.ibatis.common.jdbc.exception.NestedSQLException:   
--- The error occurred in config/sql/map/reportDateUtil.xml.  
--- The error occurred while executing query.  
--- Check the    select id,year,month,beginTime,endTime from T_REPORT_DATE WHERE status = 0 order by year desc,month desc  .  
--- Check the SQL Statement (preparation failed).  
--- Cause: org.apache.commons.dbcp.SQLNestedException: Cannot create PoolableConnectionFactory (The TCP/IP connection to the host 10.2.1.193, port 1433 has failed. Error: Connection timed out: connect. Please verify the connection properties and check that a SQL Server instance is running on the host and accepting TCP/IP connections at the port, and that no firewall is blocking TCP connections to the port.)" type="org.springframework.beans.factory.BeanCreationException">org.springframework.beans.factory.BeanCreationException: Error creating bean with name &apos;reportDateUtil&apos; defined in file [D:\tac-yuguo\tac-service\target\classes\config\spring\spring-service.xml]: Invocation of init method failed; nested exception is com.ibatis.common.jdbc.exception.NestedSQLException:   
--- The error occurred in config/sql/map/reportDateUtil.xml.  
--- The error occurred while executing query.  
--- Check the    select id,year,month,beginTime,endTime from T_REPORT_DATE WHERE status = 0 order by year desc,month desc  .  
--- Check the SQL Statement (preparation failed).  
--- Cause: org.apache.commons.dbcp.SQLNestedException: Cannot create PoolableConnectionFactory (The TCP/IP connection to the host 10.2.1.193, port 1433 has failed. Error: Connection timed out: connect. Please verify the connection properties and check that a SQL Server instance is running on the host and accepting TCP/IP connections at the port, and that no firewall is blocking TCP connections to the port.)
	at org.springframework.beans.factory.support.AbstractAutowireCapableBeanFactory.initializeBean(AbstractAutowireCapableBeanFactory.java:1513)
	at org.springframework.beans.factory.support.AbstractAutowireCapableBeanFactory.doCreateBean(AbstractAutowireCapableBeanFactory.java:521)
	at org.springframework.beans.factory.support.AbstractAutowireCapableBeanFactory.createBean(AbstractAutowireCapableBeanFactory.java:458)
	at org.springframework.beans.factory.support.AbstractBeanFactory$1.getObject(AbstractBeanFactory.java:293)
	at org.springframework.beans.factory.support.DefaultSingletonBeanRegistry.getSingleton(DefaultSingletonBeanRegistry.java:223)
	at org.springframework.beans.factory.support.AbstractBeanFactory.doGetBean(AbstractBeanFactory.java:290)
	at org.springframework.beans.factory.support.AbstractBeanFactory.getBean(AbstractBeanFactory.java:191)
	at org.springframework.beans.factory.support.DefaultListableBeanFactory.preInstantiateSingletons(DefaultListableBeanFactory.java:633)
	at org.springframework.context.support.AbstractApplicationContext.finishBeanFactoryInitialization(AbstractApplicationContext.java:932)
	at org.springframework.context.support.AbstractApplicationContext.refresh(AbstractApplicationContext.java:479)
	at org.springframework.context.support.ClassPathXmlApplicationContext.&lt;init&gt;(ClassPathXmlApplicationContext.java:139)
	at org.springframework.context.support.ClassPathXmlApplicationContext.&lt;init&gt;(ClassPathXmlApplicationContext.java:83)
	at com.brick.test.BaseTestCase.setUp(BaseTestCase.java:21)
	at junit.framework.TestCase.runBare(TestCase.java:132)
	at junit.framework.TestResult$1.protect(TestResult.java:110)
	at junit.framework.TestResult.runProtected(TestResult.java:128)
	at junit.framework.TestResult.run(TestResult.java:113)
	at junit.framework.TestCase.run(TestCase.java:124)
	at junit.framework.TestSuite.runTest(TestSuite.java:243)
	at junit.framework.TestSuite.run(TestSuite.java:238)
	at sun.reflect.NativeMethodAccessorImpl.invoke0(Native Method)
	at sun.reflect.NativeMethodAccessorImpl.invoke(NativeMethodAccessorImpl.java:39)
	at sun.reflect.DelegatingMethodAccessorImpl.invoke(DelegatingMethodAccessorImpl.java:25)
	at java.lang.reflect.Method.invoke(Method.java:597)
	at org.apache.maven.surefire.junit.JUnitTestSet.execute(JUnitTestSet.java:95)
	at org.apache.maven.surefire.junit.JUnit3Provider.executeTestSet(JUnit3Provider.java:121)
	at org.apache.maven.surefire.junit.JUnit3Provider.invoke(JUnit3Provider.java:98)
	at sun.reflect.NativeMethodAccessorImpl.invoke0(Native Method)
	at sun.reflect.NativeMethodAccessorImpl.invoke(NativeMethodAccessorImpl.java:39)
	at sun.reflect.DelegatingMethodAccessorImpl.invoke(DelegatingMethodAccessorImpl.java:25)
	at java.lang.reflect.Method.invoke(Method.java:597)
	at org.apache.maven.surefire.util.ReflectionUtils.invokeMethodWithArray(ReflectionUtils.java:189)
	at org.apache.maven.surefire.booter.ProviderFactory$ProviderProxy.invoke(ProviderFactory.java:165)
	at org.apache.maven.surefire.booter.ProviderFactory.invokeProvider(ProviderFactory.java:85)
	at org.apache.maven.surefire.booter.ForkedBooter.runSuitesInProcess(ForkedBooter.java:115)
	at org.apache.maven.surefire.booter.ForkedBooter.main(ForkedBooter.java:75)
Caused by: com.ibatis.common.jdbc.exception.NestedSQLException:   
--- The error occurred in config/sql/map/reportDateUtil.xml.  
--- The error occurred while executing query.  
--- Check the    select id,year,month,beginTime,endTime from T_REPORT_DATE WHERE status = 0 order by year desc,month desc  .  
--- Check the SQL Statement (preparation failed).  
--- Cause: org.apache.commons.dbcp.SQLNestedException: Cannot create PoolableConnectionFactory (The TCP/IP connection to the host 10.2.1.193, port 1433 has failed. Error: Connection timed out: connect. Please verify the connection properties and check that a SQL Server instance is running on the host and accepting TCP/IP connections at the port, and that no firewall is blocking TCP connections to the port.)
	at com.ibatis.sqlmap.engine.mapping.statement.MappedStatement.executeQueryWithCallback(MappedStatement.java:201)
	at com.ibatis.sqlmap.engine.mapping.statement.MappedStatement.executeQueryForList(MappedStatement.java:139)
	at com.ibatis.sqlmap.engine.impl.SqlMapExecutorDelegate.queryForList(SqlMapExecutorDelegate.java:567)
	at com.ibatis.sqlmap.engine.impl.SqlMapExecutorDelegate.queryForList(SqlMapExecutorDelegate.java:541)
	at com.ibatis.sqlmap.engine.impl.SqlMapSessionImpl.queryForList(SqlMapSessionImpl.java:118)
	at com.ibatis.sqlmap.engine.impl.SqlMapSessionImpl.queryForList(SqlMapSessionImpl.java:122)
	at com.ibatis.sqlmap.engine.impl.SqlMapClientImpl.queryForList(SqlMapClientImpl.java:98)
	at com.brick.base.common.TacSqlMapClientImpl.queryForList(TacSqlMapClientImpl.java:151)
	at com.brick.base.util.ReportDateUtil.initReportDateInfo(ReportDateUtil.java:85)
	at sun.reflect.NativeMethodAccessorImpl.invoke0(Native Method)
	at sun.reflect.NativeMethodAccessorImpl.invoke(NativeMethodAccessorImpl.java:39)
	at sun.reflect.DelegatingMethodAccessorImpl.invoke(DelegatingMethodAccessorImpl.java:25)
	at java.lang.reflect.Method.invoke(Method.java:597)
	at org.springframework.beans.factory.support.AbstractAutowireCapableBeanFactory.invokeCustomInitMethod(AbstractAutowireCapableBeanFactory.java:1639)
	at org.springframework.beans.factory.support.AbstractAutowireCapableBeanFactory.invokeInitMethods(AbstractAutowireCapableBeanFactory.java:1580)
	at org.springframework.beans.factory.support.AbstractAutowireCapableBeanFactory.initializeBean(AbstractAutowireCapableBeanFactory.java:1510)
	... 35 more
Caused by: org.apache.commons.dbcp.SQLNestedException: Cannot create PoolableConnectionFactory (The TCP/IP connection to the host 10.2.1.193, port 1433 has failed. Error: Connection timed out: connect. Please verify the connection properties and check that a SQL Server instance is running on the host and accepting TCP/IP connections at the port, and that no firewall is blocking TCP connections to the port.)
	at org.apache.commons.dbcp.BasicDataSource.createPoolableConnectionFactory(BasicDataSource.java:1549)
	at org.apache.commons.dbcp.BasicDataSource.createDataSource(BasicDataSource.java:1388)
	at org.apache.commons.dbcp.BasicDataSource.getConnection(BasicDataSource.java:1044)
	at org.springframework.jdbc.datasource.DataSourceUtils.doGetConnection(DataSourceUtils.java:111)
	at org.springframework.jdbc.datasource.TransactionAwareDataSourceProxy$TransactionAwareInvocationHandler.invoke(TransactionAwareDataSourceProxy.java:224)
	at $Proxy10.prepareStatement(Unknown Source)
	at sun.reflect.NativeMethodAccessorImpl.invoke0(Native Method)
	at sun.reflect.NativeMethodAccessorImpl.invoke(NativeMethodAccessorImpl.java:39)
	at sun.reflect.DelegatingMethodAccessorImpl.invoke(DelegatingMethodAccessorImpl.java:25)
	at java.lang.reflect.Method.invoke(Method.java:597)
	at com.ibatis.common.jdbc.logging.ConnectionLogProxy.invoke(ConnectionLogProxy.java:53)
	at $Proxy11.prepareStatement(Unknown Source)
	at com.ibatis.sqlmap.engine.execution.SqlExecutor.prepareStatement(SqlExecutor.java:497)
	at com.ibatis.sqlmap.engine.execution.SqlExecutor.executeQuery(SqlExecutor.java:175)
	at com.ibatis.sqlmap.engine.mapping.statement.MappedStatement.sqlExecuteQuery(MappedStatement.java:221)
	at com.ibatis.sqlmap.engine.mapping.statement.MappedStatement.executeQueryWithCallback(MappedStatement.java:189)
	... 50 more
Caused by: com.microsoft.sqlserver.jdbc.SQLServerException: The TCP/IP connection to the host 10.2.1.193, port 1433 has failed. Error: Connection timed out: connect. Please verify the connection properties and check that a SQL Server instance is running on the host and accepting TCP/IP connections at the port, and that no firewall is blocking TCP connections to the port.
	at com.microsoft.sqlserver.jdbc.SQLServerException.makeFromDriverError(SQLServerException.java:130)
	at com.microsoft.sqlserver.jdbc.SQLServerConnection.connectHelper(SQLServerConnection.java:1195)
	at com.microsoft.sqlserver.jdbc.SQLServerConnection.loginWithoutFailover(SQLServerConnection.java:1054)
	at com.microsoft.sqlserver.jdbc.SQLServerConnection.connect(SQLServerConnection.java:758)
	at com.microsoft.sqlserver.jdbc.SQLServerDriver.connect(SQLServerDriver.java:842)
	at org.apache.commons.dbcp.DriverConnectionFactory.createConnection(DriverConnectionFactory.java:38)
	at org.apache.commons.dbcp.PoolableConnectionFactory.makeObject(PoolableConnectionFactory.java:582)
	at org.apache.commons.dbcp.BasicDataSource.validateConnectionFactory(BasicDataSource.java:1556)
	at org.apache.commons.dbcp.BasicDataSource.createPoolableConnectionFactory(BasicDataSource.java:1545)
	... 65 more
Caused by: com.ibatis.common.jdbc.exception.NestedSQLException:   
--- The error occurred in config/sql/map/reportDateUtil.xml.  
--- The error occurred while executing query.  
--- Check the    select id,year,month,beginTime,endTime from T_REPORT_DATE WHERE status = 0 order by year desc,month desc  .  
--- Check the SQL Statement (preparation failed).  
--- Cause: org.apache.commons.dbcp.SQLNestedException: Cannot create PoolableConnectionFactory (The TCP/IP connection to the host 10.2.1.193, port 1433 has failed. Error: Connection timed out: connect. Please verify the connection properties and check that a SQL Server instance is running on the host and accepting TCP/IP connections at the port, and that no firewall is blocking TCP connections to the port.)
	at com.ibatis.sqlmap.engine.mapping.statement.MappedStatement.executeQueryWithCallback(MappedStatement.java:201)
	at com.ibatis.sqlmap.engine.mapping.statement.MappedStatement.executeQueryForList(MappedStatement.java:139)
	at com.ibatis.sqlmap.engine.impl.SqlMapExecutorDelegate.queryForList(SqlMapExecutorDelegate.java:567)
	at com.ibatis.sqlmap.engine.impl.SqlMapExecutorDelegate.queryForList(SqlMapExecutorDelegate.java:541)
	at com.ibatis.sqlmap.engine.impl.SqlMapSessionImpl.queryForList(SqlMapSessionImpl.java:118)
	at com.ibatis.sqlmap.engine.impl.SqlMapSessionImpl.queryForList(SqlMapSessionImpl.java:122)
	at com.ibatis.sqlmap.engine.impl.SqlMapClientImpl.queryForList(SqlMapClientImpl.java:98)
	at com.brick.base.common.TacSqlMapClientImpl.queryForList(TacSqlMapClientImpl.java:151)
	at com.brick.base.util.ReportDateUtil.initReportDateInfo(ReportDateUtil.java:85)
	at sun.reflect.NativeMethodAccessorImpl.invoke0(Native Method)
	at sun.reflect.NativeMethodAccessorImpl.invoke(NativeMethodAccessorImpl.java:39)
	at sun.reflect.DelegatingMethodAccessorImpl.invoke(DelegatingMethodAccessorImpl.java:25)
	at java.lang.reflect.Method.invoke(Method.java:597)
	at org.springframework.beans.factory.support.AbstractAutowireCapableBeanFactory.invokeCustomInitMethod(AbstractAutowireCapableBeanFactory.java:1639)
	at org.springframework.beans.factory.support.AbstractAutowireCapableBeanFactory.invokeInitMethods(AbstractAutowireCapableBeanFactory.java:1580)
	at org.springframework.beans.factory.support.AbstractAutowireCapableBeanFactory.initializeBean(AbstractAutowireCapableBeanFactory.java:1510)
	... 35 more
Caused by: org.apache.commons.dbcp.SQLNestedException: Cannot create PoolableConnectionFactory (The TCP/IP connection to the host 10.2.1.193, port 1433 has failed. Error: Connection timed out: connect. Please verify the connection properties and check that a SQL Server instance is running on the host and accepting TCP/IP connections at the port, and that no firewall is blocking TCP connections to the port.)
	at org.apache.commons.dbcp.BasicDataSource.createPoolableConnectionFactory(BasicDataSource.java:1549)
	at org.apache.commons.dbcp.BasicDataSource.createDataSource(BasicDataSource.java:1388)
	at org.apache.commons.dbcp.BasicDataSource.getConnection(BasicDataSource.java:1044)
	at org.springframework.jdbc.datasource.DataSourceUtils.doGetConnection(DataSourceUtils.java:111)
	at org.springframework.jdbc.datasource.TransactionAwareDataSourceProxy$TransactionAwareInvocationHandler.invoke(TransactionAwareDataSourceProxy.java:224)
	at $Proxy10.prepareStatement(Unknown Source)
	at sun.reflect.NativeMethodAccessorImpl.invoke0(Native Method)
	at sun.reflect.NativeMethodAccessorImpl.invoke(NativeMethodAccessorImpl.java:39)
	at sun.reflect.DelegatingMethodAccessorImpl.invoke(DelegatingMethodAccessorImpl.java:25)
	at java.lang.reflect.Method.invoke(Method.java:597)
	at com.ibatis.common.jdbc.logging.ConnectionLogProxy.invoke(ConnectionLogProxy.java:53)
	at $Proxy11.prepareStatement(Unknown Source)
	at com.ibatis.sqlmap.engine.execution.SqlExecutor.prepareStatement(SqlExecutor.java:497)
	at com.ibatis.sqlmap.engine.execution.SqlExecutor.executeQuery(SqlExecutor.java:175)
	at com.ibatis.sqlmap.engine.mapping.statement.MappedStatement.sqlExecuteQuery(MappedStatement.java:221)
	at com.ibatis.sqlmap.engine.mapping.statement.MappedStatement.executeQueryWithCallback(MappedStatement.java:189)
	... 50 more
Caused by: com.microsoft.sqlserver.jdbc.SQLServerException: The TCP/IP connection to the host 10.2.1.193, port 1433 has failed. Error: Connection timed out: connect. Please verify the connection properties and check that a SQL Server instance is running on the host and accepting TCP/IP connections at the port, and that no firewall is blocking TCP connections to the port.
	at com.microsoft.sqlserver.jdbc.SQLServerException.makeFromDriverError(SQLServerException.java:130)
	at com.microsoft.sqlserver.jdbc.SQLServerConnection.connectHelper(SQLServerConnection.java:1195)
	at com.microsoft.sqlserver.jdbc.SQLServerConnection.loginWithoutFailover(SQLServerConnection.java:1054)
	at com.microsoft.sqlserver.jdbc.SQLServerConnection.connect(SQLServerConnection.java:758)
	at com.microsoft.sqlserver.jdbc.SQLServerDriver.connect(SQLServerDriver.java:842)
	at org.apache.commons.dbcp.DriverConnectionFactory.createConnection(DriverConnectionFactory.java:38)
	at org.apache.commons.dbcp.PoolableConnectionFactory.makeObject(PoolableConnectionFactory.java:582)
	at org.apache.commons.dbcp.BasicDataSource.validateConnectionFactory(BasicDataSource.java:1556)
	at org.apache.commons.dbcp.BasicDataSource.createPoolableConnectionFactory(BasicDataSource.java:1545)
	... 65 more
</error>
  </testcase>
</testsuite>